     diagonalizing the dynamical matrix ...

 q =       0.0000      0.0000      0.0000
 **************************************************************************
     freq (    1) =      -0.000000 [THz] =      -0.000004 [cm-1]
 (  0.538473   0.000000    -0.458309   0.000000     0.000000   0.000000   )
 (  0.538473   0.000000    -0.458309   0.000000     0.000000   0.000000   )
     freq (    2) =      -0.000000 [THz] =      -0.000002 [cm-1]
 (  0.000000   0.000000     0.000000   0.000000    -0.707107   0.000000   )
 (  0.000000   0.000000     0.000000   0.000000    -0.707107   0.000000   )
     freq (    3) =       0.000000 [THz] =       0.000004 [cm-1]
 ( -0.458309   0.000000    -0.538473   0.000000     0.000000   0.000000   )
 ( -0.458309   0.000000    -0.538473   0.000000     0.000000   0.000000   )
     freq (    4) =      11.257454 [THz] =     375.508236 [cm-1]
 (  0.000000   0.000000     0.940852   0.000000     0.000000   0.000000   )
 ( -0.000000   0.000000    -0.338817   0.000000     0.000000   0.000000   )
     freq (    5) =      11.257454 [THz] =     375.508236 [cm-1]
 (  0.000000   0.000000     0.000000   0.000000    -0.940852   0.000000   )
 (  0.000000   0.000000     0.000000   0.000000     0.338817   0.000000   )
     freq (    6) =      12.307908 [THz] =     410.547620 [cm-1]
 (  0.940852   0.000000    -0.000000   0.000000     0.000000   0.000000   )
 ( -0.338817   0.000000     0.000000   0.000000     0.000000   0.000000   )
 **************************************************************************
